{
  "stats": {
    "suites": 1,
    "tests": 6,
    "passes": 5,
    "pending": 0,
    "failures": 1,
    "start": "2021-04-28T18:12:28.914Z",
    "end": "2021-04-28T18:13:32.047Z",
    "duration": 63133,
    "testsRegistered": 6,
    "passPercent": 83.33333333333334,
    "pendingPercent": 0,
    "other": 0,
    "hasOther": false,
    "skipped": 0,
    "hasSkipped": false
  },
  "results": [
    {
      "uuid": "78c6b8fb-b629-4e04-ae9f-a545cc01e60f",
      "title": "",
      "fullFile": "cypress/integration/test-suite.spec.js",
      "file": "cypress/integration/test-suite.spec.js",
      "beforeHooks": [],
      "afterHooks": [],
      "tests": [],
      "suites": [
        {
          "uuid": "d95a75ce-fd8f-4625-bc95-a0801a118741",
          "title": "Test Suite",
          "fullFile": "",
          "file": "",
          "beforeHooks": [],
          "afterHooks": [],
          "tests": [
            {
              "title": "Tests Failed Login",
              "fullTitle": "Test Suite Tests Failed Login",
              "timedOut": null,
              "duration": 12604,
              "state": "passed",
              "speed": "slow",
              "pass": true,
              "fail": false,
              "pending": false,
              "context": null,
              "code": "indexFunctions.logout();\nloginFunctions.testFailLogin(cy, targets.usernameFail, targets.passwordFail, 'Bad username or password');\ncy.percySnapshot();",
              "err": {},
              "uuid": "318ecd79-e29d-4fe7-8431-01c30836fcf2",
              "parentUUID": "d95a75ce-fd8f-4625-bc95-a0801a118741",
              "isHook": false,
              "skipped": false
            },
            {
              "title": "Test Successful Login",
              "fullTitle": "Test Suite Test Successful Login",
              "timedOut": null,
              "duration": 8434,
              "state": "passed",
              "speed": "slow",
              "pass": true,
              "fail": false,
              "pending": false,
              "context": null,
              "code": "indexFunctions.logout();\nloginFunctions.testFullLogin(cy, targets.username1, targets.password1, 'Tester Hotel Overview');\ncy.percySnapshot();",
              "err": {},
              "uuid": "16537537-745f-443d-8167-4528d61e8676",
              "parentUUID": "d95a75ce-fd8f-4625-bc95-a0801a118741",
              "isHook": false,
              "skipped": false
            },
            {
              "title": "Tests Logout",
              "fullTitle": "Test Suite Tests Logout",
              "timedOut": null,
              "duration": 3742,
              "state": "passed",
              "speed": "slow",
              "pass": true,
              "fail": false,
              "pending": false,
              "context": null,
              "code": "indexFunctions.logout();",
              "err": {},
              "uuid": "3780462b-4059-4391-b331-012c49a9c231",
              "parentUUID": "d95a75ce-fd8f-4625-bc95-a0801a118741",
              "isHook": false,
              "skipped": false
            },
            {
              "title": "Creates, Verifies, and Deletes room",
              "fullTitle": "Test Suite Creates, Verifies, and Deletes room",
              "timedOut": null,
              "duration": 9594,
              "state": "failed",
              "speed": null,
              "pass": false,
              "fail": true,
              "pending": false,
              "context": null,
              "code": "indexFunctions.viewRooms();\nroomsFunctions.clickCreateRoom();\nnewRoomFunctions.newRoom(category, number, floor, price, features);\nroomsFunctions.verifyRoom(category, number, floor, price, features);\ncy.percySnapshot();\nroomsFunctions.deleteRoom();",
              "err": {
                "message": "CypressError: `cy.then()` timed out after waiting `4000ms`.\n\nYour callback function returned a promise that never resolved.\n\nThe callback function was:\n\ndom => {\n      let domSnapshot = window.PercyDOM.serialize({ ...options, dom });\n\n      // Post the DOM snapshot to Percy\n      return utils.postSnapshot({\n        ...options,\n        environmentInfo: ENV_INFO,\n        clientInfo: CLIENT_INFO,\n        domSnapshot,\n        url: dom.URL,\n        name\n      }).then(() => {\n        // Log the snapshot name on success\n        cylog(name, { name });\n      }).catch(error => {\n        // Handle errors\n        log.error(`Could not take DOM snapshot \"${name}\"`);\n        log.error(error);\n      });\n    }\n\nhttps://on.cypress.io/then",
                "estack": "CypressError: `cy.then()` timed out after waiting `4000ms`.\n\nYour callback function returned a promise that never resolved.\n\nThe callback function was:\n\ndom => {\n      let domSnapshot = window.PercyDOM.serialize({ ...options, dom });\n\n      // Post the DOM snapshot to Percy\n      return utils.postSnapshot({\n        ...options,\n        environmentInfo: ENV_INFO,\n        clientInfo: CLIENT_INFO,\n        domSnapshot,\n        url: dom.URL,\n        name\n      }).then(() => {\n        // Log the snapshot name on success\n        cylog(name, { name });\n      }).catch(error => {\n        // Handle errors\n        log.error(`Could not take DOM snapshot \"${name}\"`);\n        log.error(error);\n      });\n    }\n\nhttps://on.cypress.io/then\n    at http://localhost:3000/__cypress/runner/cypress_runner.js:135511:24\n    at tryCatcher (http://localhost:3000/__cypress/runner/cypress_runner.js:10747:23)\n    at http://localhost:3000/__cypress/runner/cypress_runner.js:5869:41\n    at tryCatcher (http://localhost:3000/__cypress/runner/cypress_runner.js:10747:23)\n    at Promise._settlePromiseFromHandler (http://localhost:3000/__cypress/runner/cypress_runner.js:8682:31)\n    at Promise._settlePromise (http://localhost:3000/__cypress/runner/cypress_runner.js:8739:18)\n    at Promise._settlePromise0 (http://localhost:3000/__cypress/runner/cypress_runner.js:8784:10)\n    at Promise._settlePromises (http://localhost:3000/__cypress/runner/cypress_runner.js:8860:18)\n    at _drainQueueStep (http://localhost:3000/__cypress/runner/cypress_runner.js:5454:12)\n    at _drainQueue (http://localhost:3000/__cypress/runner/cypress_runner.js:5447:9)\n    at Async.../../node_modules/bluebird/js/release/async.js.Async._drainQueues (http://localhost:3000/__cypress/runner/cypress_runner.js:5463:5)\n    at Async.drainQueues (http://localhost:3000/__cypress/runner/cypress_runner.js:5333:14)\nFrom Your Spec Code:\n    at Context.eval (http://localhost:3000/__cypress/tests?p=cypress\\support\\index.js:201:40)",
                "diff": null
              },
              "uuid": "d70b23dc-88aa-4bdd-a80a-b57631d1843f",
              "parentUUID": "d95a75ce-fd8f-4625-bc95-a0801a118741",
              "isHook": false,
              "skipped": false
            },
            {
              "title": "Creates, Verifies, and Deletes client",
              "fullTitle": "Test Suite Creates, Verifies, and Deletes client",
              "timedOut": null,
              "duration": 10116,
              "state": "passed",
              "speed": "slow",
              "pass": true,
              "fail": false,
              "pending": false,
              "context": null,
              "code": "indexFunctions.viewClients();\nclientsFunctions.clickCreateClient();\nnewClientFunctions.newClient(targets.sampleName, targets.sampleEmail, targets.samplePhone);\nclientsFunctions.verifyClient();\ncy.percySnapshot();\nclientsFunctions.deleteClient();",
              "err": {},
              "uuid": "a5b5308f-dfbb-4c4a-a35d-a4cb64aec8c1",
              "parentUUID": "d95a75ce-fd8f-4625-bc95-a0801a118741",
              "isHook": false,
              "skipped": false
            },
            {
              "title": "Edits an Existing Bill",
              "fullTitle": "Test Suite Edits an Existing Bill",
              "timedOut": null,
              "duration": 10514,
              "state": "passed",
              "speed": "slow",
              "pass": true,
              "fail": false,
              "pending": false,
              "context": null,
              "code": "indexFunctions.viewBills();\nbillsFunctions.clickEditBill();\neditBillsFunctions.editBill(newValue);\ncy.percySnapshot();\nbillsFunctions.verifyEditedBill(newValue);",
              "err": {},
              "uuid": "79fe606c-7584-483d-a902-ac25ea018909",
              "parentUUID": "d95a75ce-fd8f-4625-bc95-a0801a118741",
              "isHook": false,
              "skipped": false
            }
          ],
          "suites": [],
          "passes": [
            "318ecd79-e29d-4fe7-8431-01c30836fcf2",
            "16537537-745f-443d-8167-4528d61e8676",
            "3780462b-4059-4391-b331-012c49a9c231",
            "a5b5308f-dfbb-4c4a-a35d-a4cb64aec8c1",
            "79fe606c-7584-483d-a902-ac25ea018909"
          ],
          "failures": [
            "d70b23dc-88aa-4bdd-a80a-b57631d1843f"
          ],
          "pending": [],
          "skipped": [],
          "duration": 55004,
          "root": false,
          "rootEmpty": false,
          "_timeout": 2000
        }
      ],
      "passes": [],
      "failures": [],
      "pending": [],
      "skipped": [],
      "duration": 0,
      "root": true,
      "rootEmpty": true,
      "_timeout": 2000
    }
  ],
  "meta": {
    "mocha": {
      "version": "7.0.1"
    },
    "mochawesome": {
      "options": {
        "quiet": false,
        "reportFilename": "mochawesome",
        "saveHtml": true,
        "saveJson": true,
        "consoleReporter": "spec",
        "useInlineDiffs": false,
        "code": true
      },
      "version": "6.2.2"
    },
    "marge": {
      "options": {
        "reportDir": "cypress/report/mochawesome-report",
        "overwrite": false,
        "html": true,
        "json": true,
        "timestamp": "mmddyyyy_HHMMss"
      },
      "version": "5.2.0"
    }
  }
}