{
  "stats": {
    "suites": 1,
    "tests": 6,
    "passes": 6,
    "pending": 0,
    "failures": 0,
    "start": "2021-04-28T18:18:15.054Z",
    "end": "2021-04-28T18:18:52.772Z",
    "duration": 37718,
    "testsRegistered": 6,
    "passPercent": 100,
    "pendingPercent": 0,
    "other": 0,
    "hasOther": false,
    "skipped": 0,
    "hasSkipped": false
  },
  "results": [
    {
      "uuid": "f86ccd7d-cb9d-465c-8dba-10e1723b4d8b",
      "title": "",
      "fullFile": "cypress/integration/test-suite.spec.js",
      "file": "cypress/integration/test-suite.spec.js",
      "beforeHooks": [],
      "afterHooks": [],
      "tests": [],
      "suites": [
        {
          "uuid": "a685102d-ac64-4625-83fd-f3ee0254e9cd",
          "title": "Test Suite",
          "fullFile": "",
          "file": "",
          "beforeHooks": [],
          "afterHooks": [],
          "tests": [
            {
              "title": "Tests Failed Login",
              "fullTitle": "Test Suite Tests Failed Login",
              "timedOut": null,
              "duration": 10241,
              "state": "passed",
              "speed": "slow",
              "pass": true,
              "fail": false,
              "pending": false,
              "context": null,
              "code": "indexFunctions.logout();\nloginFunctions.testFailLogin(cy, targets.usernameFail, targets.passwordFail, 'Bad username or password');\ncy.percySnapshot();",
              "err": {},
              "uuid": "6850a451-2d34-4bc6-b17e-1a0b22861de6",
              "parentUUID": "a685102d-ac64-4625-83fd-f3ee0254e9cd",
              "isHook": false,
              "skipped": false
            },
            {
              "title": "Test Successful Login",
              "fullTitle": "Test Suite Test Successful Login",
              "timedOut": null,
              "duration": 7980,
              "state": "passed",
              "speed": "slow",
              "pass": true,
              "fail": false,
              "pending": false,
              "context": null,
              "code": "indexFunctions.logout();\nloginFunctions.testFullLogin(cy, targets.username1, targets.password1, 'Tester Hotel Overview');\ncy.percySnapshot();",
              "err": {},
              "uuid": "b505dcde-2e03-415f-a1a4-25f62280f461",
              "parentUUID": "a685102d-ac64-4625-83fd-f3ee0254e9cd",
              "isHook": false,
              "skipped": false
            },
            {
              "title": "Tests Logout",
              "fullTitle": "Test Suite Tests Logout",
              "timedOut": null,
              "duration": 2859,
              "state": "passed",
              "speed": "slow",
              "pass": true,
              "fail": false,
              "pending": false,
              "context": null,
              "code": "indexFunctions.logout();",
              "err": {},
              "uuid": "b57a0abb-b6e8-45b3-b1d5-48414e69ef4a",
              "parentUUID": "a685102d-ac64-4625-83fd-f3ee0254e9cd",
              "isHook": false,
              "skipped": false
            },
            {
              "title": "Creates, Verifies, and Deletes room",
              "fullTitle": "Test Suite Creates, Verifies, and Deletes room",
              "timedOut": null,
              "duration": 3234,
              "state": "passed",
              "speed": "slow",
              "pass": true,
              "fail": false,
              "pending": false,
              "context": null,
              "code": "indexFunctions.viewRooms();\nroomsFunctions.clickCreateRoom();\nnewRoomFunctions.newRoom(category, number, floor, price, features);\nroomsFunctions.verifyRoom(category, number, floor, price, features);\nroomsFunctions.deleteRoom();",
              "err": {},
              "uuid": "d46ff65e-6c23-4045-b992-d8fa0b0eeb17",
              "parentUUID": "a685102d-ac64-4625-83fd-f3ee0254e9cd",
              "isHook": false,
              "skipped": false
            },
            {
              "title": "Creates, Verifies, and Deletes client",
              "fullTitle": "Test Suite Creates, Verifies, and Deletes client",
              "timedOut": null,
              "duration": 3978,
              "state": "passed",
              "speed": "slow",
              "pass": true,
              "fail": false,
              "pending": false,
              "context": null,
              "code": "indexFunctions.viewClients();\nclientsFunctions.clickCreateClient();\nnewClientFunctions.newClient(targets.sampleName, targets.sampleEmail, targets.samplePhone);\nclientsFunctions.verifyClient();\ncy.percySnapshot();\nclientsFunctions.deleteClient();",
              "err": {},
              "uuid": "d32d224b-627b-4a97-9a1a-18e9d3af555c",
              "parentUUID": "a685102d-ac64-4625-83fd-f3ee0254e9cd",
              "isHook": false,
              "skipped": false
            },
            {
              "title": "Edits an Existing Bill",
              "fullTitle": "Test Suite Edits an Existing Bill",
              "timedOut": null,
              "duration": 3070,
              "state": "passed",
              "speed": "slow",
              "pass": true,
              "fail": false,
              "pending": false,
              "context": null,
              "code": "indexFunctions.viewBills();\nbillsFunctions.clickEditBill();\neditBillsFunctions.editBill(newValue);\ncy.percySnapshot();\nbillsFunctions.verifyEditedBill(newValue);",
              "err": {},
              "uuid": "b5cbf45a-3084-49e1-b552-708b07860d35",
              "parentUUID": "a685102d-ac64-4625-83fd-f3ee0254e9cd",
              "isHook": false,
              "skipped": false
            }
          ],
          "suites": [],
          "passes": [
            "6850a451-2d34-4bc6-b17e-1a0b22861de6",
            "b505dcde-2e03-415f-a1a4-25f62280f461",
            "b57a0abb-b6e8-45b3-b1d5-48414e69ef4a",
            "d46ff65e-6c23-4045-b992-d8fa0b0eeb17",
            "d32d224b-627b-4a97-9a1a-18e9d3af555c",
            "b5cbf45a-3084-49e1-b552-708b07860d35"
          ],
          "failures": [],
          "pending": [],
          "skipped": [],
          "duration": 31362,
          "root": false,
          "rootEmpty": false,
          "_timeout": 2000
        }
      ],
      "passes": [],
      "failures": [],
      "pending": [],
      "skipped": [],
      "duration": 0,
      "root": true,
      "rootEmpty": true,
      "_timeout": 2000
    }
  ],
  "meta": {
    "mocha": {
      "version": "7.0.1"
    },
    "mochawesome": {
      "options": {
        "quiet": false,
        "reportFilename": "mochawesome",
        "saveHtml": true,
        "saveJson": true,
        "consoleReporter": "spec",
        "useInlineDiffs": false,
        "code": true
      },
      "version": "6.2.2"
    },
    "marge": {
      "options": {
        "reportDir": "cypress/report/mochawesome-report",
        "overwrite": false,
        "html": true,
        "json": true,
        "timestamp": "mmddyyyy_HHMMss"
      },
      "version": "5.2.0"
    }
  }
}