{
  "stats": {
    "suites": 1,
    "tests": 6,
    "passes": 4,
    "pending": 0,
    "failures": 2,
    "start": "2021-04-28T18:08:24.642Z",
    "end": "2021-04-28T18:09:07.517Z",
    "duration": 42875,
    "testsRegistered": 6,
    "passPercent": 66.66666666666666,
    "pendingPercent": 0,
    "other": 0,
    "hasOther": false,
    "skipped": 0,
    "hasSkipped": false
  },
  "results": [
    {
      "uuid": "4d2d9b17-6a6d-4056-a2c7-fc3a8db7d90b",
      "title": "",
      "fullFile": "cypress/integration/test-suite.spec.js",
      "file": "cypress/integration/test-suite.spec.js",
      "beforeHooks": [],
      "afterHooks": [],
      "tests": [],
      "suites": [
        {
          "uuid": "0bd0b228-31c4-4aa2-873c-136c519d1d2e",
          "title": "Test Suite",
          "fullFile": "",
          "file": "",
          "beforeHooks": [],
          "afterHooks": [],
          "tests": [
            {
              "title": "Tests Failed Login",
              "fullTitle": "Test Suite Tests Failed Login",
              "timedOut": null,
              "duration": 10282,
              "state": "passed",
              "speed": "slow",
              "pass": true,
              "fail": false,
              "pending": false,
              "context": null,
              "code": "indexFunctions.logout();\nloginFunctions.testFailLogin(cy, targets.usernameFail, targets.passwordFail, 'Bad username or password');\ncy.percySnapshot();",
              "err": {},
              "uuid": "b9cf0755-ebcd-40b4-aea3-0aae6276a883",
              "parentUUID": "0bd0b228-31c4-4aa2-873c-136c519d1d2e",
              "isHook": false,
              "skipped": false
            },
            {
              "title": "Test Successful Login",
              "fullTitle": "Test Suite Test Successful Login",
              "timedOut": null,
              "duration": 9207,
              "state": "passed",
              "speed": "slow",
              "pass": true,
              "fail": false,
              "pending": false,
              "context": null,
              "code": "indexFunctions.logout();\nloginFunctions.testFullLogin(cy, targets.username1, targets.password1, 'Tester Hotel Overview');\ncy.percySnapshot();",
              "err": {},
              "uuid": "66cd82d7-fd09-488e-96b1-4ab34c5c2c9e",
              "parentUUID": "0bd0b228-31c4-4aa2-873c-136c519d1d2e",
              "isHook": false,
              "skipped": false
            },
            {
              "title": "Tests Logout",
              "fullTitle": "Test Suite Tests Logout",
              "timedOut": null,
              "duration": 3495,
              "state": "passed",
              "speed": "slow",
              "pass": true,
              "fail": false,
              "pending": false,
              "context": null,
              "code": "indexFunctions.logout();",
              "err": {},
              "uuid": "f6c8516e-91ec-4563-879b-e508e791464f",
              "parentUUID": "0bd0b228-31c4-4aa2-873c-136c519d1d2e",
              "isHook": false,
              "skipped": false
            },
            {
              "title": "Creates, Verifies, and Deletes room",
              "fullTitle": "Test Suite Creates, Verifies, and Deletes room",
              "timedOut": null,
              "duration": 2941,
              "state": "failed",
              "speed": null,
              "pass": false,
              "fail": true,
              "pending": false,
              "context": null,
              "code": "indexFunctions.viewRooms();\nroomsFunctions.clickCreateRoom();\nnewRoomFunctions.newRoom(category, number, floor, price, features);\nroomsFunctions.verifyRoom(category, number, floor, price, features);\npercySnapshot();\nroomsFunctions.deleteRoom();",
              "err": {
                "message": "ReferenceError: percySnapshot is not defined",
                "estack": "ReferenceError: percySnapshot is not defined\n    at Context.eval (http://localhost:3000/__cypress/tests?p=cypress\\integration\\test-suite.spec.js:184:5)",
                "diff": null
              },
              "uuid": "1ad630a5-5a47-46a2-a4ed-f390994fb984",
              "parentUUID": "0bd0b228-31c4-4aa2-873c-136c519d1d2e",
              "isHook": false,
              "skipped": false
            },
            {
              "title": "Creates, Verifies, and Deletes client",
              "fullTitle": "Test Suite Creates, Verifies, and Deletes client",
              "timedOut": null,
              "duration": 7189,
              "state": "passed",
              "speed": "slow",
              "pass": true,
              "fail": false,
              "pending": false,
              "context": null,
              "code": "indexFunctions.viewClients();\nclientsFunctions.clickCreateClient();\nnewClientFunctions.newClient(targets.sampleName, targets.sampleEmail, targets.samplePhone);\nclientsFunctions.verifyClient();\ncy.percySnapshot();\nclientsFunctions.deleteClient();",
              "err": {},
              "uuid": "a749c7db-fd43-43fc-b235-d3c4ecdb32d1",
              "parentUUID": "0bd0b228-31c4-4aa2-873c-136c519d1d2e",
              "isHook": false,
              "skipped": false
            },
            {
              "title": "Edits an Existing Bill",
              "fullTitle": "Test Suite Edits an Existing Bill",
              "timedOut": null,
              "duration": 3287,
              "state": "failed",
              "speed": null,
              "pass": false,
              "fail": true,
              "pending": false,
              "context": null,
              "code": "indexFunctions.viewBills();\nbillsFunctions.clickEditBill();\neditBillsFunctions.editBill(newValue);\npercySnapshot();\nbillsFunctions.verifyEditedBill(newValue);",
              "err": {
                "message": "ReferenceError: percySnapshot is not defined",
                "estack": "ReferenceError: percySnapshot is not defined\n    at Context.eval (http://localhost:3000/__cypress/tests?p=cypress\\integration\\test-suite.spec.js:199:5)",
                "diff": null
              },
              "uuid": "54bd9669-6133-4291-8c03-5fb033cd559e",
              "parentUUID": "0bd0b228-31c4-4aa2-873c-136c519d1d2e",
              "isHook": false,
              "skipped": false
            }
          ],
          "suites": [],
          "passes": [
            "b9cf0755-ebcd-40b4-aea3-0aae6276a883",
            "66cd82d7-fd09-488e-96b1-4ab34c5c2c9e",
            "f6c8516e-91ec-4563-879b-e508e791464f",
            "a749c7db-fd43-43fc-b235-d3c4ecdb32d1"
          ],
          "failures": [
            "1ad630a5-5a47-46a2-a4ed-f390994fb984",
            "54bd9669-6133-4291-8c03-5fb033cd559e"
          ],
          "pending": [],
          "skipped": [],
          "duration": 36401,
          "root": false,
          "rootEmpty": false,
          "_timeout": 2000
        }
      ],
      "passes": [],
      "failures": [],
      "pending": [],
      "skipped": [],
      "duration": 0,
      "root": true,
      "rootEmpty": true,
      "_timeout": 2000
    }
  ],
  "meta": {
    "mocha": {
      "version": "7.0.1"
    },
    "mochawesome": {
      "options": {
        "quiet": false,
        "reportFilename": "mochawesome",
        "saveHtml": true,
        "saveJson": true,
        "consoleReporter": "spec",
        "useInlineDiffs": false,
        "code": true
      },
      "version": "6.2.2"
    },
    "marge": {
      "options": {
        "reportDir": "cypress/report/mochawesome-report",
        "overwrite": false,
        "html": true,
        "json": true,
        "timestamp": "mmddyyyy_HHMMss"
      },
      "version": "5.2.0"
    }
  }
}