{
  "stats": {
    "suites": 1,
    "tests": 6,
    "passes": 6,
    "pending": 0,
    "failures": 0,
    "start": "2021-04-28T18:32:34.926Z",
    "end": "2021-04-28T18:33:17.495Z",
    "duration": 42569,
    "testsRegistered": 6,
    "passPercent": 100,
    "pendingPercent": 0,
    "other": 0,
    "hasOther": false,
    "skipped": 0,
    "hasSkipped": false
  },
  "results": [
    {
      "uuid": "1c18c464-f3d2-45c9-8f6d-19c199a85abb",
      "title": "",
      "fullFile": "cypress/integration/test-suite.spec.js",
      "file": "cypress/integration/test-suite.spec.js",
      "beforeHooks": [],
      "afterHooks": [],
      "tests": [],
      "suites": [
        {
          "uuid": "5fb64790-e0f4-4651-8f60-ed0fa7fa249c",
          "title": "Test Suite",
          "fullFile": "",
          "file": "",
          "beforeHooks": [],
          "afterHooks": [],
          "tests": [
            {
              "title": "Tests Failed Login",
              "fullTitle": "Test Suite Tests Failed Login",
              "timedOut": null,
              "duration": 10439,
              "state": "passed",
              "speed": "slow",
              "pass": true,
              "fail": false,
              "pending": false,
              "context": null,
              "code": "indexFunctions.logout();\nloginFunctions.testFailLogin(cy, targets.usernameFail, targets.passwordFail, 'Bad username or password');\ncy.wait(1000).percySnapshot();",
              "err": {},
              "uuid": "c8f59d3b-4bf6-45e9-89ed-0e8b9b47e1e4",
              "parentUUID": "5fb64790-e0f4-4651-8f60-ed0fa7fa249c",
              "isHook": false,
              "skipped": false
            },
            {
              "title": "Test Successful Login",
              "fullTitle": "Test Suite Test Successful Login",
              "timedOut": null,
              "duration": 8106,
              "state": "passed",
              "speed": "slow",
              "pass": true,
              "fail": false,
              "pending": false,
              "context": null,
              "code": "indexFunctions.logout();\nloginFunctions.testFullLogin(cy, targets.username1, targets.password1, 'Tester Hotel Overview');\ncy.wait(1000).percySnapshot();",
              "err": {},
              "uuid": "8652e92a-380b-4017-bfec-fb0ec6224144",
              "parentUUID": "5fb64790-e0f4-4651-8f60-ed0fa7fa249c",
              "isHook": false,
              "skipped": false
            },
            {
              "title": "Tests Logout",
              "fullTitle": "Test Suite Tests Logout",
              "timedOut": null,
              "duration": 3205,
              "state": "passed",
              "speed": "slow",
              "pass": true,
              "fail": false,
              "pending": false,
              "context": null,
              "code": "indexFunctions.logout();",
              "err": {},
              "uuid": "080556aa-6eeb-4ca8-ad08-dcc208ee3900",
              "parentUUID": "5fb64790-e0f4-4651-8f60-ed0fa7fa249c",
              "isHook": false,
              "skipped": false
            },
            {
              "title": "Creates, Verifies, and Deletes room",
              "fullTitle": "Test Suite Creates, Verifies, and Deletes room",
              "timedOut": null,
              "duration": 4048,
              "state": "passed",
              "speed": "slow",
              "pass": true,
              "fail": false,
              "pending": false,
              "context": null,
              "code": "indexFunctions.viewRooms();\nroomsFunctions.clickCreateRoom();\nnewRoomFunctions.newRoom(category, number, floor, price, features);\nroomsFunctions.verifyRoom(category, number, floor, price, features);\nroomsFunctions.deleteRoom();",
              "err": {},
              "uuid": "75bd29fa-a892-43e3-8274-1f476cd1d17e",
              "parentUUID": "5fb64790-e0f4-4651-8f60-ed0fa7fa249c",
              "isHook": false,
              "skipped": false
            },
            {
              "title": "Creates, Verifies, and Deletes client",
              "fullTitle": "Test Suite Creates, Verifies, and Deletes client",
              "timedOut": null,
              "duration": 5793,
              "state": "passed",
              "speed": "slow",
              "pass": true,
              "fail": false,
              "pending": false,
              "context": null,
              "code": "indexFunctions.viewClients();\nclientsFunctions.clickCreateClient();\nnewClientFunctions.newClient(targets.sampleName, targets.sampleEmail, targets.samplePhone);\nclientsFunctions.verifyClient();\ncy.wait(1000).percySnapshot();\nclientsFunctions.deleteClient();",
              "err": {},
              "uuid": "f84390a5-d06b-42a5-b908-0ffc695d1a05",
              "parentUUID": "5fb64790-e0f4-4651-8f60-ed0fa7fa249c",
              "isHook": false,
              "skipped": false
            },
            {
              "title": "Edits an Existing Bill",
              "fullTitle": "Test Suite Edits an Existing Bill",
              "timedOut": null,
              "duration": 4753,
              "state": "passed",
              "speed": "slow",
              "pass": true,
              "fail": false,
              "pending": false,
              "context": null,
              "code": "indexFunctions.viewBills();\nbillsFunctions.clickEditBill();\neditBillsFunctions.editBill(newValue);\ncy.wait(1000).percySnapshot();\nbillsFunctions.verifyEditedBill(newValue);",
              "err": {},
              "uuid": "59968344-bafd-4eff-b058-863becac1e1b",
              "parentUUID": "5fb64790-e0f4-4651-8f60-ed0fa7fa249c",
              "isHook": false,
              "skipped": false
            }
          ],
          "suites": [],
          "passes": [
            "c8f59d3b-4bf6-45e9-89ed-0e8b9b47e1e4",
            "8652e92a-380b-4017-bfec-fb0ec6224144",
            "080556aa-6eeb-4ca8-ad08-dcc208ee3900",
            "75bd29fa-a892-43e3-8274-1f476cd1d17e",
            "f84390a5-d06b-42a5-b908-0ffc695d1a05",
            "59968344-bafd-4eff-b058-863becac1e1b"
          ],
          "failures": [],
          "pending": [],
          "skipped": [],
          "duration": 36344,
          "root": false,
          "rootEmpty": false,
          "_timeout": 2000
        }
      ],
      "passes": [],
      "failures": [],
      "pending": [],
      "skipped": [],
      "duration": 0,
      "root": true,
      "rootEmpty": true,
      "_timeout": 2000
    }
  ],
  "meta": {
    "mocha": {
      "version": "7.0.1"
    },
    "mochawesome": {
      "options": {
        "quiet": false,
        "reportFilename": "mochawesome",
        "saveHtml": true,
        "saveJson": true,
        "consoleReporter": "spec",
        "useInlineDiffs": false,
        "code": true
      },
      "version": "6.2.2"
    },
    "marge": {
      "options": {
        "reportDir": "cypress/report/mochawesome-report",
        "overwrite": false,
        "html": true,
        "json": true,
        "timestamp": "mmddyyyy_HHMMss"
      },
      "version": "5.2.0"
    }
  }
}